[2024-03-01 02:21:20] [INFO    ] discord.client: logging in using static token
[2024-03-01 02:21:21] [INFO    ] discord.gateway: Shard ID None has connected to Gateway (Session ID: d6f37c31a2acfa170ca49e75064f3c57).
[2024-03-01 02:21:23] [INFO    ] nito.bot: ------------------- Bot is ready -------------------
[2024-03-01 02:21:23] [INFO    ] nito.bot: Loading commands...
[2024-03-01 02:21:23] [INFO    ] nito.bot: Connecting to database...
[2024-03-01 02:21:23] [INFO    ] nito.bot: ----------------------------------------------------
[2024-03-01 02:21:39] [INFO    ] nito.bot: quote command called (Guild ID: 1178465444701687878) (Member ID: 334016584093794305) (Member NAME: 'wissens')
[2024-03-01 02:22:04] [INFO    ] nito.bot: rank command called (Guild ID: 1178465444701687878) (Member ID: 334016584093794305) (Member NAME: 'wissens')
[2024-03-01 02:22:19] [INFO    ] nito.bot: top command called (Guild ID: 1178465444701687878) (Member ID: 334016584093794305) (Member NAME: 'wissens')
[2024-03-01 02:23:32] [INFO    ] nito.bot: valid event (Guild ID: 1178465444701687878) (Member ID: 334016584093794305) (Member NAME: 'wissens') (Message: 'nigga')
[2024-03-01 02:24:40] [INFO    ] nito.bot: valid event (Guild ID: 1178465444701687878) (Member ID: 334016584093794305) (Member NAME: 'wissens') (Message: 'negro')
[2024-03-01 02:24:41] [INFO    ] nito.bot: valid event (Guild ID: 1178465444701687878) (Member ID: 334016584093794305) (Member NAME: 'wissens') (Message: 'negro')
[2024-03-01 02:24:42] [INFO    ] nito.bot: valid event (Guild ID: 1178465444701687878) (Member ID: 334016584093794305) (Member NAME: 'wissens') (Message: 'negro')
[2024-03-01 02:24:42] [INFO    ] nito.bot: valid event (Guild ID: 1178465444701687878) (Member ID: 334016584093794305) (Member NAME: 'wissens') (Message: 'negro')
[2024-03-01 02:24:42] [INFO    ] nito.bot: valid event (Guild ID: 1178465444701687878) (Member ID: 334016584093794305) (Member NAME: 'wissens') (Message: 'negro')
[2024-03-01 02:24:43] [INFO    ] nito.bot: timedout (Guild ID: 1178465444701687878) (Member ID: 334016584093794305) (Member NAME: 'wissens') (Message: 'negro')
[2024-03-01 02:27:54] [INFO    ] discord.client: logging in using static token
[2024-03-01 02:27:55] [INFO    ] discord.gateway: Shard ID None has connected to Gateway (Session ID: 76d7dbe4675665524133acc40e11e374).
[2024-03-01 02:27:57] [INFO    ] nito.bot: ------------------- Bot is ready -------------------
[2024-03-01 02:27:57] [INFO    ] nito.bot: Loading commands...
[2024-03-01 02:27:57] [INFO    ] nito.bot: Connecting to database...
[2024-03-01 02:27:57] [INFO    ] nito.bot: ----------------------------------------------------
[2024-03-01 02:28:25] [INFO    ] nito.bot: ping command called (Guild ID: 1178465444701687878) (Member ID: 334016584093794305) (Member NAME: 'wissens')
[2024-03-01 02:28:30] [INFO    ] nito.bot: rank command called (Guild ID: 1178465444701687878) (Member ID: 334016584093794305) (Member NAME: 'wissens')
[2024-03-01 02:28:32] [INFO    ] nito.bot: top command called (Guild ID: 1178465444701687878) (Member ID: 334016584093794305) (Member NAME: 'wissens')
[2024-03-01 02:30:05] [INFO    ] nito.bot: valid event (Guild ID: 1178465444701687878) (Member ID: 334016584093794305) (Member NAME: 'wissens') (Message: 'negro')
